# JRE version: OpenJDK Runtime Environment (8.0_282-b08) (build 1.8.0_282-b08)
# Java VM: OpenJDK 64-Bit Server VM (25.282-b08 mixed mode windows-amd64 compressed oops)
Heap:
 PSYoungGen      total 220160K, used 202888K [0x00000000d5580000, 0x00000000ea300000, 0x0000000100000000)
  eden space 200704K, 93% used [0x00000000d5580000,0x00000000e0c0b910,0x00000000e1980000)
  from space 19456K, 82% used [0x00000000e1980000,0x00000000e29168a0,0x00000000e2c80000)
  to   space 20480K, 0% used [0x00000000e8f00000,0x00000000e8f00000,0x00000000ea300000)
 ParOldGen       total 124928K, used 29551K [0x0000000080000000, 0x0000000087a00000, 0x00000000d5580000)
  object space 124928K, 23% used [0x0000000080000000,0x0000000081cdbd90,0x0000000087a00000)
 Metaspace       used 55654K, capacity 58638K, committed 58792K, reserved 1099776K
  class space    used 7553K, capacity 8244K, committed 8360K, reserved 1048576K
GC Heap History (10 events):
Event: 8.223 GC heap before
{Heap before GC invocations=9 (full 1):
 PSYoungGen      total 109568K, used 105144K [0x00000000d5580000, 0x00000000df500000, 0x0000000100000000)
  eden space 96768K, 100% used [0x00000000d5580000,0x00000000db400000,0x00000000db400000)
  from space 12800K, 65% used [0x00000000db400000,0x00000000dbc2e040,0x00000000dc080000)
  to   space 12288K, 0% used [0x00000000de900000,0x00000000de900000,0x00000000df500000)
 ParOldGen       total 104960K, used 8927K [0x0000000080000000, 0x0000000086680000, 0x00000000d5580000)
  object space 104960K, 8% used [0x0000000080000000,0x00000000808b7de0,0x0000000086680000)
 Metaspace       used 34220K, capacity 35436K, committed 35496K, reserved 1079296K
  class space    used 4727K, capacity 5002K, committed 5032K, reserved 1048576K
Event: 8.234 GC heap after
Heap after GC invocations=9 (full 1):
 PSYoungGen      total 150016K, used 11888K [0x00000000d5580000, 0x00000000df600000, 0x0000000100000000)
  eden space 137728K, 0% used [0x00000000d5580000,0x00000000d5580000,0x00000000ddc00000)
  from space 12288K, 96% used [0x00000000de900000,0x00000000df49c030,0x00000000df500000)
  to   space 13312K, 0% used [0x00000000ddc00000,0x00000000ddc00000,0x00000000de900000)
 ParOldGen       total 104960K, used 8935K [0x0000000080000000, 0x0000000086680000, 0x00000000d5580000)
  object space 104960K, 8% used [0x0000000080000000,0x00000000808b9de0,0x0000000086680000)
 Metaspace       used 34220K, capacity 35436K, committed 35496K, reserved 1079296K
  class space    used 4727K, capacity 5002K, committed 5032K, reserved 1048576K
}
Event: 8.272 GC heap before
{Heap before GC invocations=10 (full 1):
 PSYoungGen      total 150016K, used 17391K [0x00000000d5580000, 0x00000000df600000, 0x0000000100000000)
  eden space 137728K, 3% used [0x00000000d5580000,0x00000000d5adfe60,0x00000000ddc00000)
  from space 12288K, 96% used [0x00000000de900000,0x00000000df49c030,0x00000000df500000)
  to   space 13312K, 0% used [0x00000000ddc00000,0x00000000ddc00000,0x00000000de900000)
 ParOldGen       total 104960K, used 8935K [0x0000000080000000, 0x0000000086680000, 0x00000000d5580000)
  object space 104960K, 8% used [0x0000000080000000,0x00000000808b9de0,0x0000000086680000)
 Metaspace       used 34243K, capacity 35442K, committed 35496K, reserved 1079296K
  class space    used 4728K, capacity 5003K, committed 5032K, reserved 1048576K
Event: 8.280 GC heap after
Heap after GC invocations=10 (full 1):
 PSYoungGen      total 151040K, used 8160K [0x00000000d5580000, 0x00000000e3900000, 0x0000000100000000)
  eden space 137728K, 0% used [0x00000000d5580000,0x00000000d5580000,0x00000000ddc00000)
  from space 13312K, 61% used [0x00000000ddc00000,0x00000000de3f8000,0x00000000de900000)
  to   space 12800K, 0% used [0x00000000e2c80000,0x00000000e2c80000,0x00000000e3900000)
 ParOldGen       total 104960K, used 8943K [0x0000000080000000, 0x0000000086680000, 0x00000000d5580000)
  object space 104960K, 8% used [0x0000000080000000,0x00000000808bbde0,0x0000000086680000)
 Metaspace       used 34243K, capacity 35442K, committed 35496K, reserved 1079296K
  class space    used 4728K, capacity 5003K, committed 5032K, reserved 1048576K
}
Event: 8.280 GC heap before
{Heap before GC invocations=11 (full 2):
 PSYoungGen      total 151040K, used 8160K [0x00000000d5580000, 0x00000000e3900000, 0x0000000100000000)
  eden space 137728K, 0% used [0x00000000d5580000,0x00000000d5580000,0x00000000ddc00000)
  from space 13312K, 61% used [0x00000000ddc00000,0x00000000de3f8000,0x00000000de900000)
  to   space 12800K, 0% used [0x00000000e2c80000,0x00000000e2c80000,0x00000000e3900000)
 ParOldGen       total 104960K, used 8943K [0x0000000080000000, 0x0000000086680000, 0x00000000d5580000)
  object space 104960K, 8% used [0x0000000080000000,0x00000000808bbde0,0x0000000086680000)
 Metaspace       used 34243K, capacity 35442K, committed 35496K, reserved 1079296K
  class space    used 4728K, capacity 5003K, committed 5032K, reserved 1048576K
Event: 8.314 GC heap after
Heap after GC invocations=11 (full 2):
 PSYoungGen      total 151040K, used 0K [0x00000000d5580000, 0x00000000e3900000, 0x0000000100000000)
  eden space 137728K, 0% used [0x00000000d5580000,0x00000000d5580000,0x00000000ddc00000)
  from space 13312K, 0% used [0x00000000ddc00000,0x00000000ddc00000,0x00000000de900000)
  to   space 12800K, 0% used [0x00000000e2c80000,0x00000000e2c80000,0x00000000e3900000)
 ParOldGen       total 124928K, used 15015K [0x0000000080000000, 0x0000000087a00000, 0x00000000d5580000)
  object space 124928K, 12% used [0x0000000080000000,0x0000000080ea9c50,0x0000000087a00000)
 Metaspace       used 34243K, capacity 35442K, committed 35496K, reserved 1079296K
  class space    used 4728K, capacity 5003K, committed 5032K, reserved 1048576K
}
Event: 9.284 GC heap before
{Heap before GC invocations=12 (full 2):
 PSYoungGen      total 151040K, used 137728K [0x00000000d5580000, 0x00000000e3900000, 0x0000000100000000)
  eden space 137728K, 100% used [0x00000000d5580000,0x00000000ddc00000,0x00000000ddc00000)
  from space 13312K, 0% used [0x00000000ddc00000,0x00000000ddc00000,0x00000000de900000)
  to   space 12800K, 0% used [0x00000000e2c80000,0x00000000e2c80000,0x00000000e3900000)
 ParOldGen       total 124928K, used 15015K [0x0000000080000000, 0x0000000087a00000, 0x00000000d5580000)
  object space 124928K, 12% used [0x0000000080000000,0x0000000080ea9c50,0x0000000087a00000)
 Metaspace       used 34484K, capacity 35836K, committed 36136K, reserved 1081344K
  class space    used 4746K, capacity 5036K, committed 5160K, reserved 1048576K
Event: 9.329 GC heap after
Heap after GC invocations=12 (full 2):
 PSYoungGen      total 213504K, used 12784K [0x00000000d5580000, 0x00000000e4800000, 0x0000000100000000)
  eden space 200704K, 0% used [0x00000000d5580000,0x00000000d5580000,0x00000000e1980000)
  from space 12800K, 99% used [0x00000000e2c80000,0x00000000e38fc030,0x00000000e3900000)
  to   space 19456K, 0% used [0x00000000e1980000,0x00000000e1980000,0x00000000e2c80000)
 ParOldGen       total 124928K, used 29543K [0x0000000080000000, 0x0000000087a00000, 0x00000000d5580000)
  object space 124928K, 23% used [0x0000000080000000,0x0000000081cd9d90,0x0000000087a00000)
 Metaspace       used 34484K, capacity 35836K, committed 36136K, reserved 1081344K
  class space    used 4746K, capacity 5036K, committed 5160K, reserved 1048576K
}
Event: 11.996 GC heap before
{Heap before GC invocations=13 (full 2):
 PSYoungGen      total 213504K, used 213488K [0x00000000d5580000, 0x00000000e4800000, 0x0000000100000000)
  eden space 200704K, 100% used [0x00000000d5580000,0x00000000e1980000,0x00000000e1980000)
  from space 12800K, 99% used [0x00000000e2c80000,0x00000000e38fc030,0x00000000e3900000)
  to   space 19456K, 0% used [0x00000000e1980000,0x00000000e1980000,0x00000000e2c80000)
 ParOldGen       total 124928K, used 29543K [0x0000000080000000, 0x0000000087a00000, 0x00000000d5580000)
  object space 124928K, 23% used [0x0000000080000000,0x0000000081cd9d90,0x0000000087a00000)
 Metaspace       used 41948K, capacity 44264K, committed 44584K, reserved 1087488K
  class space    used 5788K, capacity 6336K, committed 6440K, reserved 1048576K
Event: 12.009 GC heap after
Heap after GC invocations=13 (full 2):
 PSYoungGen      total 220160K, used 15962K [0x00000000d5580000, 0x00000000ea300000, 0x0000000100000000)
  eden space 200704K, 0% used [0x00000000d5580000,0x00000000d5580000,0x00000000e1980000)
  from space 19456K, 82% used [0x00000000e1980000,0x00000000e29168a0,0x00000000e2c80000)
  to   space 20480K, 0% used [0x00000000e8f00000,0x00000000e8f00000,0x00000000ea300000)
 ParOldGen       total 124928K, used 29551K [0x0000000080000000, 0x0000000087a00000, 0x00000000d5580000)
  object space 124928K, 23% used [0x0000000080000000,0x0000000081cdbd90,0x0000000087a00000)
 Metaspace       used 41948K, capacity 44264K, committed 44584K, reserved 1087488K
  class space    used 5788K, capacity 6336K, committed 6440K, reserved 1048576K
}

